Using pre-set license
Built from '2020.3/release' branch; Version is '2020.3.34f1 (9a4c9c70452b) revision 10112156'; Using compiler version '192528614'; Build Type 'Release'
OS: 'Windows 11  (10.0.22000) 64bit Core' Language: 'en' Physical Memory: 15734 MB
BatchMode: 1, IsHumanControllingUs: 0, StartBugReporterOnCrash: 0, Is64bit: 1, IsPro: 0

COMMAND LINE ARGUMENTS:
C:\Program Files\Unity\Hub\Editor\2020.3.34f1\Editor\Unity.exe
-adb2
-batchMode
-noUpm
-name
AssetImportWorker0
-projectPath
C:/Users/YouQi/summerGameDevelopment/TheRoom/The-Room
-logFile
Logs/AssetImportWorker0.log
-srvPort
64772
Successfully changed project path to: C:/Users/YouQi/summerGameDevelopment/TheRoom/The-Room
C:/Users/YouQi/summerGameDevelopment/TheRoom/The-Room
Using Asset Import Pipeline V2.
Refreshing native plugins compatible for Editor in 50.98 ms, found 2 plugins.
Preloading 0 native plugins for Editor in 0.00 ms.
Initialize engine version: 2020.3.34f1 (9a4c9c70452b)
[Subsystems] Discovering subsystems at path C:/Program Files/Unity/Hub/Editor/2020.3.34f1/Editor/Data/Resources/UnitySubsystems
[Subsystems] Discovering subsystems at path C:/Users/YouQi/summerGameDevelopment/TheRoom/The-Room/Assets
GfxDevice: creating device client; threaded=0
Direct3D:
    Version:  Direct3D 11.0 [level 11.1]
    Renderer: NVIDIA GeForce RTX 3060 Laptop GPU (ID=0x2560)
    Vendor:   
    VRAM:     6023 MB
    Driver:   30.0.15.1295
Initialize mono
Mono path[0] = 'C:/Program Files/Unity/Hub/Editor/2020.3.34f1/Editor/Data/Managed'
Mono path[1] = 'C:/Program Files/Unity/Hub/Editor/2020.3.34f1/Editor/Data/MonoBleedingEdge/lib/mono/unityjit'
Mono config path = 'C:/Program Files/Unity/Hub/Editor/2020.3.34f1/Editor/Data/MonoBleedingEdge/etc'
Using monoOptions --debugger-agent=transport=dt_socket,embedding=1,server=y,suspend=n,address=127.0.0.1:56496
Begin MonoManager ReloadAssembly
Registering precompiled unity dll's ...
Register platform support module: C:/Program Files/Unity/Hub/Editor/2020.3.34f1/Editor/Data/PlaybackEngines/MacStandaloneSupport/UnityEditor.OSXStandalone.Extensions.dll
Register platform support module: C:/Program Files/Unity/Hub/Editor/2020.3.34f1/Editor/Data/PlaybackEngines/WindowsStandaloneSupport/UnityEditor.WindowsStandalone.Extensions.dll
Registered in 0.001466 seconds.
Native extension for WindowsStandalone target not found
Native extension for OSXStandalone target not found
Refreshing native plugins compatible for Editor in 48.99 ms, found 2 plugins.
Preloading 0 native plugins for Editor in 0.00 ms.
Mono: successfully reloaded assembly
- Completed reload, in  0.477 seconds
Domain Reload Profiling:
	ReloadAssembly (477ms)
		BeginReloadAssembly (48ms)
			ExecutionOrderSort (0ms)
			DisableScriptedObjects (0ms)
			BackupInstance (0ms)
			ReleaseScriptingObjects (0ms)
			CreateAndSetChildDomain (1ms)
		EndReloadAssembly (372ms)
			LoadAssemblies (47ms)
			RebuildTransferFunctionScriptingTraits (0ms)
			SetupTypeCache (113ms)
			ReleaseScriptCaches (0ms)
			RebuildScriptCaches (22ms)
			SetupLoadedEditorAssemblies (157ms)
				LogAssemblyErrors (0ms)
				InitializePlatformSupportModulesInManaged (4ms)
				SetLoadedEditorAssemblies (0ms)
				RefreshPlugins (49ms)
				BeforeProcessingInitializeOnLoad (13ms)
				ProcessInitializeOnLoadAttributes (67ms)
				ProcessInitializeOnLoadMethodAttributes (23ms)
				AfterProcessingInitializeOnLoad (0ms)
				EditorAssembliesLoaded (0ms)
			ExecutionOrderSort2 (0ms)
			AwakeInstancesAfterBackupRestoration (0ms)
Platform modules already initialized, skipping
Registering precompiled user dll's ...
Registered in 0.002658 seconds.
Begin MonoManager ReloadAssembly
Native extension for WindowsStandalone target not found
Native extension for OSXStandalone target not found
Refreshing native plugins compatible for Editor in 51.79 ms, found 2 plugins.
Preloading 0 native plugins for Editor in 0.00 ms.
Mono: successfully reloaded assembly
- Completed reload, in  0.951 seconds
Domain Reload Profiling:
	ReloadAssembly (951ms)
		BeginReloadAssembly (112ms)
			ExecutionOrderSort (0ms)
			DisableScriptedObjects (4ms)
			BackupInstance (0ms)
			ReleaseScriptingObjects (0ms)
			CreateAndSetChildDomain (17ms)
		EndReloadAssembly (794ms)
			LoadAssemblies (79ms)
			RebuildTransferFunctionScriptingTraits (0ms)
			SetupTypeCache (248ms)
			ReleaseScriptCaches (0ms)
			RebuildScriptCaches (38ms)
			SetupLoadedEditorAssemblies (344ms)
				LogAssemblyErrors (0ms)
				InitializePlatformSupportModulesInManaged (4ms)
				SetLoadedEditorAssemblies (0ms)
				RefreshPlugins (52ms)
				BeforeProcessingInitializeOnLoad (78ms)
				ProcessInitializeOnLoadAttributes (195ms)
				ProcessInitializeOnLoadMethodAttributes (11ms)
				AfterProcessingInitializeOnLoad (4ms)
				EditorAssembliesLoaded (0ms)
			ExecutionOrderSort2 (0ms)
			AwakeInstancesAfterBackupRestoration (1ms)
Platform modules already initialized, skipping
========================================================================
Worker process is ready to serve import requests
Launched and connected shader compiler UnityShaderCompiler.exe after 0.05 seconds
Refreshing native plugins compatible for Editor in 0.62 ms, found 2 plugins.
Preloading 0 native plugins for Editor in 0.00 ms.
Unloading 3134 Unused Serialized files (Serialized files now loaded: 0)
System memory in use before: 140.3 MB.
System memory in use after: 140.5 MB.

Unloading 20 unused Assets to reduce memory usage. Loaded Objects now: 3574.
Total: 3.407400 ms (FindLiveObjects: 0.356500 ms CreateObjectMapping: 0.098900 ms MarkObjects: 2.867900 ms  DeleteObjects: 0.083100 ms)

AssetImportParameters requested are different than current active one (requested -> active):
  custom:framework-win-MediaFoundation: 216162199b28c13a410421893ffa2e32 -> 
  custom:video-decoder-ogg-theora: a1e56fd34408186e4bbccfd4996cb3dc -> 
  custom:container-muxer-webm: aa71ff27fc2769a1b78a27578f13a17b -> 
  custom:container-demuxer-webm: 4f35f7cbe854078d1ac9338744f61a02 -> 
  custom:container-demuxer-ogg: 62fdf1f143b41e24485cea50d1cbac27 -> 
  custom:video-encoder-webm-vp8: eb34c28f22e8b96e1ab97ce403110664 -> 
  custom:video-codec-MediaFoundation-h265: 746d11721c4dcdbdad8f713fa42b33f4 -> 
  custom:video-decoder-webm-vp8: 9c59270c3fd7afecdb556c50c9e8de78 -> 
  custom:audio-decoder-ogg-vorbis: bf7c407c2cedff20999df2af8eb42d56 -> 
  custom:audio-encoder-webm-vorbis: bf7c407c2cedff20999df2af8eb42d56 -> 
========================================================================
Received Import Request.
  path: Assets/AssetsBorrow/Clock
  artifactKey: Guid(8993e4517c84d3047bc338868026aefb) Importer(815301076,1909f56bfc062723c751e8b465ee728b)
Start importing Assets/AssetsBorrow/Clock using Guid(8993e4517c84d3047bc338868026aefb) Importer(815301076,1909f56bfc062723c751e8b465ee728b)  -> (artifact id: 'f822abed662690d1079378b8061908a7') in 0.005375 seconds 
========================================================================
Received Import Request.
  Time since last request: 11.642938 seconds.
  path: Assets/AssetsBorrow/44.1 General Library (Free Sample Pack)
  artifactKey: Guid(ce5fba243d1aea145b5158487f19ffae) Importer(815301076,1909f56bfc062723c751e8b465ee728b)
Start importing Assets/AssetsBorrow/44.1 General Library (Free Sample Pack) using Guid(ce5fba243d1aea145b5158487f19ffae) Importer(815301076,1909f56bfc062723c751e8b465ee728b)  -> (artifact id: 'b4aee2f7fbcddad87f61b0963fab83c2') in 0.001939 seconds 
========================================================================
Received Import Request.
  Time since last request: 2.142932 seconds.
  path: Assets/AssetsBorrow/44.1 General Library (Free Sample Pack)/Volume I
  artifactKey: Guid(803e4527fd537974581cb48a168b2ed0) Importer(815301076,1909f56bfc062723c751e8b465ee728b)
Start importing Assets/AssetsBorrow/44.1 General Library (Free Sample Pack)/Volume I using Guid(803e4527fd537974581cb48a168b2ed0) Importer(815301076,1909f56bfc062723c751e8b465ee728b)  -> (artifact id: 'cfd0950563527cf9d7bce97c736a9333') in 0.001536 seconds 
========================================================================
Received Import Request.
  Time since last request: 0.057554 seconds.
  path: Assets/AssetsBorrow/44.1 General Library (Free Sample Pack)/Volume I/Door_Church_Closing_Locking_01.wav
  artifactKey: Guid(ed366b1330b828e45b70d5010799a16a) Importer(815301076,1909f56bfc062723c751e8b465ee728b)
Start importing Assets/AssetsBorrow/44.1 General Library (Free Sample Pack)/Volume I/Door_Church_Closing_Locking_01.wav using Guid(ed366b1330b828e45b70d5010799a16a) Importer(815301076,1909f56bfc062723c751e8b465ee728b)  -> (artifact id: 'bd93c2a7ec9e576725913682aa3518aa') in 0.095952 seconds 
========================================================================
Received Import Request.
  Time since last request: 0.000157 seconds.
  path: Assets/AssetsBorrow/44.1 General Library (Free Sample Pack)/Volume I/Door_Wooden_Closing_01.wav
  artifactKey: Guid(e33e349af98ed62438c63fb7c00ebd45) Importer(815301076,1909f56bfc062723c751e8b465ee728b)
Start importing Assets/AssetsBorrow/44.1 General Library (Free Sample Pack)/Volume I/Door_Wooden_Closing_01.wav using Guid(e33e349af98ed62438c63fb7c00ebd45) Importer(815301076,1909f56bfc062723c751e8b465ee728b)  -> (artifact id: '00d66869e9cc3deb67e18a953716452f') in 0.008496 seconds 
========================================================================
Received Import Request.
  Time since last request: 0.000164 seconds.
  path: Assets/AssetsBorrow/44.1 General Library (Free Sample Pack)/Volume I/Door_Squeaking_Deep_02.wav
  artifactKey: Guid(e08b445b8e4638843af67ada9be512a1) Importer(815301076,1909f56bfc062723c751e8b465ee728b)
Start importing Assets/AssetsBorrow/44.1 General Library (Free Sample Pack)/Volume I/Door_Squeaking_Deep_02.wav using Guid(e08b445b8e4638843af67ada9be512a1) Importer(815301076,1909f56bfc062723c751e8b465ee728b)  -> (artifact id: 'b1d9a79ccb1058dcf810ee934fbe5cde') in 0.006952 seconds 
========================================================================
Received Import Request.
  Time since last request: 71.594110 seconds.
  path: Assets/AssetsBorrow/96 General Library (Free Sample)
  artifactKey: Guid(8e2833ce6c3bb974d9831c28b35d00bc) Importer(815301076,1909f56bfc062723c751e8b465ee728b)
Start importing Assets/AssetsBorrow/96 General Library (Free Sample) using Guid(8e2833ce6c3bb974d9831c28b35d00bc) Importer(815301076,1909f56bfc062723c751e8b465ee728b)  -> (artifact id: '29c1f613c08c93ef9b2e67919334cc4a') in 0.001742 seconds 
========================================================================
Received Import Request.
  Time since last request: 0.813439 seconds.
  path: Assets/AssetsBorrow/96 General Library (Free Sample)/README - 96 General Library (Samples).pdf
  artifactKey: Guid(5b4ad734af6e67145b98a4caf987b601) Importer(815301076,1909f56bfc062723c751e8b465ee728b)
Start importing Assets/AssetsBorrow/96 General Library (Free Sample)/README - 96 General Library (Samples).pdf using Guid(5b4ad734af6e67145b98a4caf987b601) Importer(815301076,1909f56bfc062723c751e8b465ee728b)  -> (artifact id: 'd0c092150534fae02b7363efa8d44f14') in 0.005475 seconds 
========================================================================
Received Import Request.
  Time since last request: 37.425315 seconds.
  path: Assets/AssetsBorrow/96 General Library (Free Sample)/Samples/DOORAntq_InsJ_Door_Church_Closing_01-01.wav
  artifactKey: Guid(381258cd90e88984fb8ba31a8dd96fa5) Importer(815301076,1909f56bfc062723c751e8b465ee728b)
Start importing Assets/AssetsBorrow/96 General Library (Free Sample)/Samples/DOORAntq_InsJ_Door_Church_Closing_01-01.wav using Guid(381258cd90e88984fb8ba31a8dd96fa5) Importer(815301076,1909f56bfc062723c751e8b465ee728b)  -> (artifact id: '6e3a3353d55af5ef241af6d6e0724356') in 0.008631 seconds 
========================================================================
Received Import Request.
  Time since last request: 0.000165 seconds.
  path: Assets/AssetsBorrow/96 General Library (Free Sample)/Samples/DOORWood_InsJ_Door_Wooden_Closing_03-01.wav
  artifactKey: Guid(a68d77d1ab4d8ad48bfc7ea06d637e0a) Importer(815301076,1909f56bfc062723c751e8b465ee728b)
Start importing Assets/AssetsBorrow/96 General Library (Free Sample)/Samples/DOORWood_InsJ_Door_Wooden_Closing_03-01.wav using Guid(a68d77d1ab4d8ad48bfc7ea06d637e0a) Importer(815301076,1909f56bfc062723c751e8b465ee728b)  -> (artifact id: '4c9694c6ae5fba84605fefb88ab095c8') in 0.025274 seconds 
========================================================================
Received Import Request.
  Time since last request: 31.923747 seconds.
  path: Assets/AssetsBorrow
  artifactKey: Guid(7019cbbeafcfd3947a447eb393473273) Importer(815301076,1909f56bfc062723c751e8b465ee728b)
Start importing Assets/AssetsBorrow using Guid(7019cbbeafcfd3947a447eb393473273) Importer(815301076,1909f56bfc062723c751e8b465ee728b)  -> (artifact id: 'edf20776a2e1a928334798435bde1a50') in 0.001695 seconds 
========================================================================
Received Import Request.
  Time since last request: 8.274072 seconds.
  path: Assets/AssetsBorrow/Audio
  artifactKey: Guid(3bd9019f5c006394a885e5b828f24e2d) Importer(815301076,1909f56bfc062723c751e8b465ee728b)
Start importing Assets/AssetsBorrow/Audio using Guid(3bd9019f5c006394a885e5b828f24e2d) Importer(815301076,1909f56bfc062723c751e8b465ee728b)  -> (artifact id: 'ccb45ebf3989d6c4b0ccf745c88fe71f') in 0.001652 seconds 
========================================================================
Received Import Request.
  Time since last request: 19.677946 seconds.
  path: Assets/AssetsBorrow/44.1 General Library (Free Sample Pack)/Sound List - 44.1 General Library (Samples).pdf
  artifactKey: Guid(6ae6c8780fab04d44aff6a5a5001bab2) Importer(815301076,1909f56bfc062723c751e8b465ee728b)
Start importing Assets/AssetsBorrow/44.1 General Library (Free Sample Pack)/Sound List - 44.1 General Library (Samples).pdf using Guid(6ae6c8780fab04d44aff6a5a5001bab2) Importer(815301076,1909f56bfc062723c751e8b465ee728b)  -> (artifact id: '2d40a2567a11b3432eac29f8fe806b01') in 0.001978 seconds 
========================================================================
Received Import Request.
  Time since last request: 0.321202 seconds.
  path: Assets/AssetsBorrow/44.1 General Library (Free Sample Pack)/README - 44.1 General Library (Samples).pdf
  artifactKey: Guid(3c44c2c0f17013a4ea91807bf9a4c628) Importer(815301076,1909f56bfc062723c751e8b465ee728b)
Start importing Assets/AssetsBorrow/44.1 General Library (Free Sample Pack)/README - 44.1 General Library (Samples).pdf using Guid(3c44c2c0f17013a4ea91807bf9a4c628) Importer(815301076,1909f56bfc062723c751e8b465ee728b)  -> (artifact id: 'afc0011d78310c33cb1c3d2f8ab79d30') in 0.001913 seconds 
========================================================================
Received Import Request.
  Time since last request: 21.347276 seconds.
  path: Assets/AssetsBorrow/Audio/Samples
  artifactKey: Guid(f11c0fc6d24bb3b4cb50e6908487ee92) Importer(815301076,1909f56bfc062723c751e8b465ee728b)
Start importing Assets/AssetsBorrow/Audio/Samples using Guid(f11c0fc6d24bb3b4cb50e6908487ee92) Importer(815301076,1909f56bfc062723c751e8b465ee728b)  -> (artifact id: '6c5862c7e09603cfa4834f192c154717') in 0.001538 seconds 
========================================================================
Received Import Request.
  Time since last request: 17.504601 seconds.
  path: Assets/AssetsBorrow/Audio/door
  artifactKey: Guid(242d72ddbb9d01d4795cf2d9c10f68a2) Importer(815301076,1909f56bfc062723c751e8b465ee728b)
Start importing Assets/AssetsBorrow/Audio/door using Guid(242d72ddbb9d01d4795cf2d9c10f68a2) Importer(815301076,1909f56bfc062723c751e8b465ee728b)  -> (artifact id: 'a507b2ae42a11d01966b6baa7d3cfd32') in 0.001762 seconds 
AssetImportWorkerClient::OnTransportError - code=2 error=End of file
